<?xml version="1.0" encoding="UTF-8"?>
<testsuite name="FizzBuzzTest" tests="4" skipped="0" failures="0" errors="0" timestamp="2022-02-08T05:04:39" hostname="DESKTOP-QOKS9U4" time="0.074">
  <properties/>
  <testcase name="test_for_no_multiple()" classname="FizzBuzzTest" time="0.069"/>
  <testcase name="test_for_multiple_of_three()" classname="FizzBuzzTest" time="0.001"/>
  <testcase name="test_for_multiple_of_five()" classname="FizzBuzzTest" time="0.0"/>
  <testcase name="test_for_multiple_of_combine()" classname="FizzBuzzTest" time="0.001"/>
  <system-out><![CDATA[]]></system-out>
  <system-err><![CDATA[]]></system-err>
</testsuite>
