<?xml version="1.0" encoding="UTF-8"?>
<testsuite name="FizzBuzzTest" tests="5" skipped="0" failures="0" errors="0" timestamp="2022-02-08T06:09:42" hostname="DESKTOP-QOKS9U4" time="0.649">
  <properties/>
  <testcase name="test_for_no_multiple()" classname="FizzBuzzTest" time="0.62"/>
  <testcase name="test_for_multiple_of_three()" classname="FizzBuzzTest" time="0.002"/>
  <testcase name="test_for_multiple_of_five()" classname="FizzBuzzTest" time="0.001"/>
  <testcase name="print_all_fizz_buzz_till_n()" classname="FizzBuzzTest" time="0.021"/>
  <testcase name="test_for_multiple_of_combine()" classname="FizzBuzzTest" time="0.0"/>
  <system-out><![CDATA[]]></system-out>
  <system-err><![CDATA[]]></system-err>
</testsuite>
