<?xml version="1.0" encoding="UTF-8"?>
<testsuite name="FizzBuzzTest" tests="4" skipped="0" failures="0" errors="0" timestamp="2022-02-08T04:55:51" hostname="NIRAVCHAVDA" time="0.043">
  <properties/>
  <testcase name="test_for_no_multiple()" classname="FizzBuzzTest" time="0.041"/>
  <testcase name="test_for_multiple_of_three()" classname="FizzBuzzTest" time="0.001"/>
  <testcase name="test_for_multiple_of_five()" classname="FizzBuzzTest" time="0.001"/>
  <testcase name="test_for_multiple_of_combine()" classname="FizzBuzzTest" time="0.0"/>
  <system-out><![CDATA[]]></system-out>
  <system-err><![CDATA[]]></system-err>
</testsuite>
