<?xml version="1.0" encoding="UTF-8"?>
<testsuite name="FizzBuzzTest" tests="5" skipped="0" failures="0" errors="0" timestamp="2022-02-08T06:04:57" hostname="NIRAVCHAVDA" time="0.369">
  <properties/>
  <testcase name="test_for_no_multiple()" classname="FizzBuzzTest" time="0.353"/>
  <testcase name="test_for_multiple_of_three()" classname="FizzBuzzTest" time="0.0"/>
  <testcase name="test_for_multiple_of_five()" classname="FizzBuzzTest" time="0.0"/>
  <testcase name="print_all_fizz_buzz_till_n()" classname="FizzBuzzTest" time="0.013"/>
  <testcase name="test_for_multiple_of_combine()" classname="FizzBuzzTest" time="0.0"/>
  <system-out><![CDATA[]]></system-out>
  <system-err><![CDATA[]]></system-err>
</testsuite>
